
6. Printing statistics.

=== fsm ===

   Number of wires:                 26
   Number of wire bits:             30
   Number of public wires:           6
   Number of public wire bits:      10
   Number of ports:                  4
   Number of port bits:              4
   Number of memories:               0
   Number of memory bits:            0
   Number of processes:              0
   Number of cells:                 24
     AND3_X1                         1
     AND4_X1                         1
     AOI21_X1                        3
     DFFR_X1                         3
     INV_X1                          3
     NAND2_X1                        3
     NOR2_X1                         3
     NOR3_X1                         3
     OAI211_X1                       1
     OAI21_X1                        2
     OR3_X1                          1

   Chip area for module '\fsm': 36.442000
     of which used for sequential elements: 15.960000 (43.80%)

